<?xml version="1.0" encoding="UTF-8"?>
<testsuite xmlns:xsi="http://www.w3.org/2001/XMLSchema-instance" xsi:noNamespaceSchemaLocation="https://maven.apache.org/surefire/maven-surefire-plugin/xsd/surefire-test-report-3.0.xsd" version="3.0" name="Runner.TestRunner" time="0.565" tests="14" errors="0" skipped="0" failures="0">
  <properties>
    <property name="sun.desktop" value="windows"/>
    <property name="awt.toolkit" value="sun.awt.windows.WToolkit"/>
    <property name="java.specification.version" value="11"/>
    <property name="sun.cpu.isalist" value="amd64"/>
    <property name="sun.jnu.encoding" value="Cp1252"/>
    <property name="java.class.path" value="C:\Users\maciu\IdeaProjects\SeleniumCucumber\target\test-classes;C:\Users\maciu\IdeaProjects\SeleniumCucumber\target\classes;C:\Users\maciu\.m2\repository\io\cucumber\cucumber-java\7.2.3\cucumber-java-7.2.3.jar;C:\Users\maciu\.m2\repository\io\cucumber\cucumber-core\7.2.3\cucumber-core-7.2.3.jar;C:\Users\maciu\.m2\repository\io\cucumber\cucumber-gherkin\7.2.3\cucumber-gherkin-7.2.3.jar;C:\Users\maciu\.m2\repository\io\cucumber\cucumber-gherkin-messages\7.2.3\cucumber-gherkin-messages-7.2.3.jar;C:\Users\maciu\.m2\repository\io\cucumber\messages\17.1.1\messages-17.1.1.jar;C:\Users\maciu\.m2\repository\io\cucumber\tag-expressions\4.1.0\tag-expressions-4.1.0.jar;C:\Users\maciu\.m2\repository\io\cucumber\cucumber-expressions\15.0.1\cucumber-expressions-15.0.1.jar;C:\Users\maciu\.m2\repository\io\cucumber\datatable\7.2.3\datatable-7.2.3.jar;C:\Users\maciu\.m2\repository\io\cucumber\cucumber-plugin\7.2.3\cucumber-plugin-7.2.3.jar;C:\Users\maciu\.m2\repository\io\cucumber\docstring\7.2.3\docstring-7.2.3.jar;C:\Users\maciu\.m2\repository\io\cucumber\html-formatter\17.0.0\html-formatter-17.0.0.jar;C:\Users\maciu\.m2\repository\io\cucumber\ci-environment\8.1.0\ci-environment-8.1.0.jar;C:\Users\maciu\.m2\repository\org\apiguardian\apiguardian-api\1.1.2\apiguardian-api-1.1.2.jar;C:\Users\maciu\.m2\repository\io\cucumber\cucumber-junit\7.2.3\cucumber-junit-7.2.3.jar;C:\Users\maciu\.m2\repository\org\seleniumhq\selenium\selenium-java\4.1.3\selenium-java-4.1.3.jar;C:\Users\maciu\.m2\repository\org\seleniumhq\selenium\selenium-api\4.1.3\selenium-api-4.1.3.jar;C:\Users\maciu\.m2\repository\org\seleniumhq\selenium\selenium-chrome-driver\4.1.3\selenium-chrome-driver-4.1.3.jar;C:\Users\maciu\.m2\repository\com\google\auto\service\auto-service-annotations\1.0.1\auto-service-annotations-1.0.1.jar;C:\Users\maciu\.m2\repository\com\google\auto\service\auto-service\1.0.1\auto-service-1.0.1.jar;C:\Users\maciu\.m2\repository\com\google\auto\auto-common\1.2\auto-common-1.2.jar;C:\Users\maciu\.m2\repository\com\google\guava\guava\31.1-jre\guava-31.1-jre.jar;C:\Users\maciu\.m2\repository\com\google\guava\failureaccess\1.0.1\failureaccess-1.0.1.jar;C:\Users\maciu\.m2\repository\com\google\guava\listenablefuture\9999.0-empty-to-avoid-conflict-with-guava\listenablefuture-9999.0-empty-to-avoid-conflict-with-guava.jar;C:\Users\maciu\.m2\repository\com\google\code\findbugs\jsr305\3.0.2\jsr305-3.0.2.jar;C:\Users\maciu\.m2\repository\org\checkerframework\checker-qual\3.12.0\checker-qual-3.12.0.jar;C:\Users\maciu\.m2\repository\com\google\errorprone\error_prone_annotations\2.11.0\error_prone_annotations-2.11.0.jar;C:\Users\maciu\.m2\repository\com\google\j2objc\j2objc-annotations\1.3\j2objc-annotations-1.3.jar;C:\Users\maciu\.m2\repository\org\seleniumhq\selenium\selenium-chromium-driver\4.1.3\selenium-chromium-driver-4.1.3.jar;C:\Users\maciu\.m2\repository\org\seleniumhq\selenium\selenium-json\4.1.3\selenium-json-4.1.3.jar;C:\Users\maciu\.m2\repository\org\seleniumhq\selenium\selenium-devtools-v85\4.1.3\selenium-devtools-v85-4.1.3.jar;C:\Users\maciu\.m2\repository\org\seleniumhq\selenium\selenium-devtools-v97\4.1.3\selenium-devtools-v97-4.1.3.jar;C:\Users\maciu\.m2\repository\org\seleniumhq\selenium\selenium-devtools-v98\4.1.3\selenium-devtools-v98-4.1.3.jar;C:\Users\maciu\.m2\repository\org\seleniumhq\selenium\selenium-devtools-v99\4.1.3\selenium-devtools-v99-4.1.3.jar;C:\Users\maciu\.m2\repository\org\seleniumhq\selenium\selenium-edge-driver\4.1.3\selenium-edge-driver-4.1.3.jar;C:\Users\maciu\.m2\repository\org\seleniumhq\selenium\selenium-firefox-driver\4.1.3\selenium-firefox-driver-4.1.3.jar;C:\Users\maciu\.m2\repository\org\seleniumhq\selenium\selenium-ie-driver\4.1.3\selenium-ie-driver-4.1.3.jar;C:\Users\maciu\.m2\repository\org\seleniumhq\selenium\selenium-opera-driver\4.1.3\selenium-opera-driver-4.1.3.jar;C:\Users\maciu\.m2\repository\org\seleniumhq\selenium\selenium-remote-driver\4.1.3\selenium-remote-driver-4.1.3.jar;C:\Users\maciu\.m2\repository\com\beust\jcommander\1.82\jcommander-1.82.jar;C:\Users\maciu\.m2\repository\io\netty\netty-buffer\4.1.75.Final\netty-buffer-4.1.75.Final.jar;C:\Users\maciu\.m2\repository\io\netty\netty-codec-http\4.1.75.Final\netty-codec-http-4.1.75.Final.jar;C:\Users\maciu\.m2\repository\io\netty\netty-codec\4.1.75.Final\netty-codec-4.1.75.Final.jar;C:\Users\maciu\.m2\repository\io\netty\netty-handler\4.1.75.Final\netty-handler-4.1.75.Final.jar;C:\Users\maciu\.m2\repository\io\netty\netty-common\4.1.75.Final\netty-common-4.1.75.Final.jar;C:\Users\maciu\.m2\repository\io\netty\netty-transport-classes-epoll\4.1.75.Final\netty-transport-classes-epoll-4.1.75.Final.jar;C:\Users\maciu\.m2\repository\io\netty\netty-transport-classes-kqueue\4.1.75.Final\netty-transport-classes-kqueue-4.1.75.Final.jar;C:\Users\maciu\.m2\repository\io\netty\netty-transport-native-epoll\4.1.75.Final\netty-transport-native-epoll-4.1.75.Final.jar;C:\Users\maciu\.m2\repository\io\netty\netty-transport-native-kqueue\4.1.75.Final\netty-transport-native-kqueue-4.1.75.Final.jar;C:\Users\maciu\.m2\repository\io\netty\netty-transport-native-unix-common\4.1.75.Final\netty-transport-native-unix-common-4.1.75.Final.jar;C:\Users\maciu\.m2\repository\io\netty\netty-transport\4.1.75.Final\netty-transport-4.1.75.Final.jar;C:\Users\maciu\.m2\repository\io\netty\netty-resolver\4.1.75.Final\netty-resolver-4.1.75.Final.jar;C:\Users\maciu\.m2\repository\io\opentelemetry\opentelemetry-api\1.12.0\opentelemetry-api-1.12.0.jar;C:\Users\maciu\.m2\repository\io\opentelemetry\opentelemetry-context\1.12.0\opentelemetry-context-1.12.0.jar;C:\Users\maciu\.m2\repository\io\opentelemetry\opentelemetry-exporter-logging\1.12.0\opentelemetry-exporter-logging-1.12.0.jar;C:\Users\maciu\.m2\repository\io\opentelemetry\opentelemetry-sdk-metrics\1.12.0-alpha\opentelemetry-sdk-metrics-1.12.0-alpha.jar;C:\Users\maciu\.m2\repository\io\opentelemetry\opentelemetry-sdk-logs\1.12.0-alpha\opentelemetry-sdk-logs-1.12.0-alpha.jar;C:\Users\maciu\.m2\repository\io\opentelemetry\opentelemetry-sdk-common\1.12.0\opentelemetry-sdk-common-1.12.0.jar;C:\Users\maciu\.m2\repository\io\opentelemetry\opentelemetry-sdk-extension-autoconfigure-spi\1.12.0\opentelemetry-sdk-extension-autoconfigure-spi-1.12.0.jar;C:\Users\maciu\.m2\repository\io\opentelemetry\opentelemetry-sdk-extension-autoconfigure\1.12.0-alpha\opentelemetry-sdk-extension-autoconfigure-1.12.0-alpha.jar;C:\Users\maciu\.m2\repository\io\opentelemetry\opentelemetry-sdk-trace\1.12.0\opentelemetry-sdk-trace-1.12.0.jar;C:\Users\maciu\.m2\repository\io\opentelemetry\opentelemetry-sdk\1.12.0\opentelemetry-sdk-1.12.0.jar;C:\Users\maciu\.m2\repository\io\opentelemetry\opentelemetry-semconv\1.12.0-alpha\opentelemetry-semconv-1.12.0-alpha.jar;C:\Users\maciu\.m2\repository\io\ous\jtoml\2.0.0\jtoml-2.0.0.jar;C:\Users\maciu\.m2\repository\net\bytebuddy\byte-buddy\1.12.8\byte-buddy-1.12.8.jar;C:\Users\maciu\.m2\repository\org\apache\commons\commons-exec\1.3\commons-exec-1.3.jar;C:\Users\maciu\.m2\repository\org\asynchttpclient\async-http-client\2.12.3\async-http-client-2.12.3.jar;C:\Users\maciu\.m2\repository\org\asynchttpclient\async-http-client-netty-utils\2.12.3\async-http-client-netty-utils-2.12.3.jar;C:\Users\maciu\.m2\repository\io\netty\netty-codec-socks\4.1.60.Final\netty-codec-socks-4.1.60.Final.jar;C:\Users\maciu\.m2\repository\io\netty\netty-handler-proxy\4.1.60.Final\netty-handler-proxy-4.1.60.Final.jar;C:\Users\maciu\.m2\repository\io\netty\netty-transport-native-epoll\4.1.60.Final\netty-transport-native-epoll-4.1.60.Final-linux-x86_64.jar;C:\Users\maciu\.m2\repository\io\netty\netty-transport-native-kqueue\4.1.60.Final\netty-transport-native-kqueue-4.1.60.Final-osx-x86_64.jar;C:\Users\maciu\.m2\repository\org\reactivestreams\reactive-streams\1.0.3\reactive-streams-1.0.3.jar;C:\Users\maciu\.m2\repository\com\typesafe\netty\netty-reactive-streams\2.0.4\netty-reactive-streams-2.0.4.jar;C:\Users\maciu\.m2\repository\org\slf4j\slf4j-api\1.7.30\slf4j-api-1.7.30.jar;C:\Users\maciu\.m2\repository\com\sun\activation\jakarta.activation\1.2.2\jakarta.activation-1.2.2.jar;C:\Users\maciu\.m2\repository\org\seleniumhq\selenium\selenium-http\4.1.3\selenium-http-4.1.3.jar;C:\Users\maciu\.m2\repository\dev\failsafe\failsafe\3.2.3\failsafe-3.2.3.jar;C:\Users\maciu\.m2\repository\org\seleniumhq\selenium\selenium-safari-driver\4.1.3\selenium-safari-driver-4.1.3.jar;C:\Users\maciu\.m2\repository\org\seleniumhq\selenium\selenium-support\4.1.3\selenium-support-4.1.3.jar;C:\Users\maciu\.m2\repository\junit\junit\4.13.2\junit-4.13.2.jar;C:\Users\maciu\.m2\repository\org\hamcrest\hamcrest-core\1.3\hamcrest-core-1.3.jar;"/>
    <property name="java.vm.vendor" value="Oracle Corporation"/>
    <property name="sun.arch.data.model" value="64"/>
    <property name="user.variant" value=""/>
    <property name="java.vendor.url" value="https://openjdk.java.net/"/>
    <property name="user.timezone" value="Europe/Athens"/>
    <property name="java.vm.specification.version" value="11"/>
    <property name="os.name" value="Windows 10"/>
    <property name="sun.java.launcher" value="SUN_STANDARD"/>
    <property name="user.country" value="US"/>
    <property name="sun.boot.library.path" value="C:\Program Files\Java\jdk-11.0.13\bin"/>
    <property name="sun.java.command" value="C:\Users\maciu\AppData\Local\Temp\surefire11755054943733737044\surefirebooter5753485607091319820.jar C:\Users\maciu\AppData\Local\Temp\surefire11755054943733737044 2024-01-08T16-43-10_800-jvmRun1 surefire6248389648420860474tmp surefire_016343228307602003623tmp"/>
    <property name="jdk.debug" value="release"/>
    <property name="surefire.test.class.path" value="C:\Users\maciu\IdeaProjects\SeleniumCucumber\target\test-classes;C:\Users\maciu\IdeaProjects\SeleniumCucumber\target\classes;C:\Users\maciu\.m2\repository\io\cucumber\cucumber-java\7.2.3\cucumber-java-7.2.3.jar;C:\Users\maciu\.m2\repository\io\cucumber\cucumber-core\7.2.3\cucumber-core-7.2.3.jar;C:\Users\maciu\.m2\repository\io\cucumber\cucumber-gherkin\7.2.3\cucumber-gherkin-7.2.3.jar;C:\Users\maciu\.m2\repository\io\cucumber\cucumber-gherkin-messages\7.2.3\cucumber-gherkin-messages-7.2.3.jar;C:\Users\maciu\.m2\repository\io\cucumber\messages\17.1.1\messages-17.1.1.jar;C:\Users\maciu\.m2\repository\io\cucumber\tag-expressions\4.1.0\tag-expressions-4.1.0.jar;C:\Users\maciu\.m2\repository\io\cucumber\cucumber-expressions\15.0.1\cucumber-expressions-15.0.1.jar;C:\Users\maciu\.m2\repository\io\cucumber\datatable\7.2.3\datatable-7.2.3.jar;C:\Users\maciu\.m2\repository\io\cucumber\cucumber-plugin\7.2.3\cucumber-plugin-7.2.3.jar;C:\Users\maciu\.m2\repository\io\cucumber\docstring\7.2.3\docstring-7.2.3.jar;C:\Users\maciu\.m2\repository\io\cucumber\html-formatter\17.0.0\html-formatter-17.0.0.jar;C:\Users\maciu\.m2\repository\io\cucumber\ci-environment\8.1.0\ci-environment-8.1.0.jar;C:\Users\maciu\.m2\repository\org\apiguardian\apiguardian-api\1.1.2\apiguardian-api-1.1.2.jar;C:\Users\maciu\.m2\repository\io\cucumber\cucumber-junit\7.2.3\cucumber-junit-7.2.3.jar;C:\Users\maciu\.m2\repository\org\seleniumhq\selenium\selenium-java\4.1.3\selenium-java-4.1.3.jar;C:\Users\maciu\.m2\repository\org\seleniumhq\selenium\selenium-api\4.1.3\selenium-api-4.1.3.jar;C:\Users\maciu\.m2\repository\org\seleniumhq\selenium\selenium-chrome-driver\4.1.3\selenium-chrome-driver-4.1.3.jar;C:\Users\maciu\.m2\repository\com\google\auto\service\auto-service-annotations\1.0.1\auto-service-annotations-1.0.1.jar;C:\Users\maciu\.m2\repository\com\google\auto\service\auto-service\1.0.1\auto-service-1.0.1.jar;C:\Users\maciu\.m2\repository\com\google\auto\auto-common\1.2\auto-common-1.2.jar;C:\Users\maciu\.m2\repository\com\google\guava\guava\31.1-jre\guava-31.1-jre.jar;C:\Users\maciu\.m2\repository\com\google\guava\failureaccess\1.0.1\failureaccess-1.0.1.jar;C:\Users\maciu\.m2\repository\com\google\guava\listenablefuture\9999.0-empty-to-avoid-conflict-with-guava\listenablefuture-9999.0-empty-to-avoid-conflict-with-guava.jar;C:\Users\maciu\.m2\repository\com\google\code\findbugs\jsr305\3.0.2\jsr305-3.0.2.jar;C:\Users\maciu\.m2\repository\org\checkerframework\checker-qual\3.12.0\checker-qual-3.12.0.jar;C:\Users\maciu\.m2\repository\com\google\errorprone\error_prone_annotations\2.11.0\error_prone_annotations-2.11.0.jar;C:\Users\maciu\.m2\repository\com\google\j2objc\j2objc-annotations\1.3\j2objc-annotations-1.3.jar;C:\Users\maciu\.m2\repository\org\seleniumhq\selenium\selenium-chromium-driver\4.1.3\selenium-chromium-driver-4.1.3.jar;C:\Users\maciu\.m2\repository\org\seleniumhq\selenium\selenium-json\4.1.3\selenium-json-4.1.3.jar;C:\Users\maciu\.m2\repository\org\seleniumhq\selenium\selenium-devtools-v85\4.1.3\selenium-devtools-v85-4.1.3.jar;C:\Users\maciu\.m2\repository\org\seleniumhq\selenium\selenium-devtools-v97\4.1.3\selenium-devtools-v97-4.1.3.jar;C:\Users\maciu\.m2\repository\org\seleniumhq\selenium\selenium-devtools-v98\4.1.3\selenium-devtools-v98-4.1.3.jar;C:\Users\maciu\.m2\repository\org\seleniumhq\selenium\selenium-devtools-v99\4.1.3\selenium-devtools-v99-4.1.3.jar;C:\Users\maciu\.m2\repository\org\seleniumhq\selenium\selenium-edge-driver\4.1.3\selenium-edge-driver-4.1.3.jar;C:\Users\maciu\.m2\repository\org\seleniumhq\selenium\selenium-firefox-driver\4.1.3\selenium-firefox-driver-4.1.3.jar;C:\Users\maciu\.m2\repository\org\seleniumhq\selenium\selenium-ie-driver\4.1.3\selenium-ie-driver-4.1.3.jar;C:\Users\maciu\.m2\repository\org\seleniumhq\selenium\selenium-opera-driver\4.1.3\selenium-opera-driver-4.1.3.jar;C:\Users\maciu\.m2\repository\org\seleniumhq\selenium\selenium-remote-driver\4.1.3\selenium-remote-driver-4.1.3.jar;C:\Users\maciu\.m2\repository\com\beust\jcommander\1.82\jcommander-1.82.jar;C:\Users\maciu\.m2\repository\io\netty\netty-buffer\4.1.75.Final\netty-buffer-4.1.75.Final.jar;C:\Users\maciu\.m2\repository\io\netty\netty-codec-http\4.1.75.Final\netty-codec-http-4.1.75.Final.jar;C:\Users\maciu\.m2\repository\io\netty\netty-codec\4.1.75.Final\netty-codec-4.1.75.Final.jar;C:\Users\maciu\.m2\repository\io\netty\netty-handler\4.1.75.Final\netty-handler-4.1.75.Final.jar;C:\Users\maciu\.m2\repository\io\netty\netty-common\4.1.75.Final\netty-common-4.1.75.Final.jar;C:\Users\maciu\.m2\repository\io\netty\netty-transport-classes-epoll\4.1.75.Final\netty-transport-classes-epoll-4.1.75.Final.jar;C:\Users\maciu\.m2\repository\io\netty\netty-transport-classes-kqueue\4.1.75.Final\netty-transport-classes-kqueue-4.1.75.Final.jar;C:\Users\maciu\.m2\repository\io\netty\netty-transport-native-epoll\4.1.75.Final\netty-transport-native-epoll-4.1.75.Final.jar;C:\Users\maciu\.m2\repository\io\netty\netty-transport-native-kqueue\4.1.75.Final\netty-transport-native-kqueue-4.1.75.Final.jar;C:\Users\maciu\.m2\repository\io\netty\netty-transport-native-unix-common\4.1.75.Final\netty-transport-native-unix-common-4.1.75.Final.jar;C:\Users\maciu\.m2\repository\io\netty\netty-transport\4.1.75.Final\netty-transport-4.1.75.Final.jar;C:\Users\maciu\.m2\repository\io\netty\netty-resolver\4.1.75.Final\netty-resolver-4.1.75.Final.jar;C:\Users\maciu\.m2\repository\io\opentelemetry\opentelemetry-api\1.12.0\opentelemetry-api-1.12.0.jar;C:\Users\maciu\.m2\repository\io\opentelemetry\opentelemetry-context\1.12.0\opentelemetry-context-1.12.0.jar;C:\Users\maciu\.m2\repository\io\opentelemetry\opentelemetry-exporter-logging\1.12.0\opentelemetry-exporter-logging-1.12.0.jar;C:\Users\maciu\.m2\repository\io\opentelemetry\opentelemetry-sdk-metrics\1.12.0-alpha\opentelemetry-sdk-metrics-1.12.0-alpha.jar;C:\Users\maciu\.m2\repository\io\opentelemetry\opentelemetry-sdk-logs\1.12.0-alpha\opentelemetry-sdk-logs-1.12.0-alpha.jar;C:\Users\maciu\.m2\repository\io\opentelemetry\opentelemetry-sdk-common\1.12.0\opentelemetry-sdk-common-1.12.0.jar;C:\Users\maciu\.m2\repository\io\opentelemetry\opentelemetry-sdk-extension-autoconfigure-spi\1.12.0\opentelemetry-sdk-extension-autoconfigure-spi-1.12.0.jar;C:\Users\maciu\.m2\repository\io\opentelemetry\opentelemetry-sdk-extension-autoconfigure\1.12.0-alpha\opentelemetry-sdk-extension-autoconfigure-1.12.0-alpha.jar;C:\Users\maciu\.m2\repository\io\opentelemetry\opentelemetry-sdk-trace\1.12.0\opentelemetry-sdk-trace-1.12.0.jar;C:\Users\maciu\.m2\repository\io\opentelemetry\opentelemetry-sdk\1.12.0\opentelemetry-sdk-1.12.0.jar;C:\Users\maciu\.m2\repository\io\opentelemetry\opentelemetry-semconv\1.12.0-alpha\opentelemetry-semconv-1.12.0-alpha.jar;C:\Users\maciu\.m2\repository\io\ous\jtoml\2.0.0\jtoml-2.0.0.jar;C:\Users\maciu\.m2\repository\net\bytebuddy\byte-buddy\1.12.8\byte-buddy-1.12.8.jar;C:\Users\maciu\.m2\repository\org\apache\commons\commons-exec\1.3\commons-exec-1.3.jar;C:\Users\maciu\.m2\repository\org\asynchttpclient\async-http-client\2.12.3\async-http-client-2.12.3.jar;C:\Users\maciu\.m2\repository\org\asynchttpclient\async-http-client-netty-utils\2.12.3\async-http-client-netty-utils-2.12.3.jar;C:\Users\maciu\.m2\repository\io\netty\netty-codec-socks\4.1.60.Final\netty-codec-socks-4.1.60.Final.jar;C:\Users\maciu\.m2\repository\io\netty\netty-handler-proxy\4.1.60.Final\netty-handler-proxy-4.1.60.Final.jar;C:\Users\maciu\.m2\repository\io\netty\netty-transport-native-epoll\4.1.60.Final\netty-transport-native-epoll-4.1.60.Final-linux-x86_64.jar;C:\Users\maciu\.m2\repository\io\netty\netty-transport-native-kqueue\4.1.60.Final\netty-transport-native-kqueue-4.1.60.Final-osx-x86_64.jar;C:\Users\maciu\.m2\repository\org\reactivestreams\reactive-streams\1.0.3\reactive-streams-1.0.3.jar;C:\Users\maciu\.m2\repository\com\typesafe\netty\netty-reactive-streams\2.0.4\netty-reactive-streams-2.0.4.jar;C:\Users\maciu\.m2\repository\org\slf4j\slf4j-api\1.7.30\slf4j-api-1.7.30.jar;C:\Users\maciu\.m2\repository\com\sun\activation\jakarta.activation\1.2.2\jakarta.activation-1.2.2.jar;C:\Users\maciu\.m2\repository\org\seleniumhq\selenium\selenium-http\4.1.3\selenium-http-4.1.3.jar;C:\Users\maciu\.m2\repository\dev\failsafe\failsafe\3.2.3\failsafe-3.2.3.jar;C:\Users\maciu\.m2\repository\org\seleniumhq\selenium\selenium-safari-driver\4.1.3\selenium-safari-driver-4.1.3.jar;C:\Users\maciu\.m2\repository\org\seleniumhq\selenium\selenium-support\4.1.3\selenium-support-4.1.3.jar;C:\Users\maciu\.m2\repository\junit\junit\4.13.2\junit-4.13.2.jar;C:\Users\maciu\.m2\repository\org\hamcrest\hamcrest-core\1.3\hamcrest-core-1.3.jar;"/>
    <property name="sun.cpu.endian" value="little"/>
    <property name="user.home" value="C:\Users\maciu"/>
    <property name="user.language" value="en"/>
    <property name="java.specification.vendor" value="Oracle Corporation"/>
    <property name="java.version.date" value="2021-10-19"/>
    <property name="java.home" value="C:\Program Files\Java\jdk-11.0.13"/>
    <property name="file.separator" value="\"/>
    <property name="basedir" value="C:\Users\maciu\IdeaProjects\SeleniumCucumber"/>
    <property name="java.vm.compressedOopsMode" value="Zero based"/>
    <property name="line.separator" value="&#10;"/>
    <property name="java.specification.name" value="Java Platform API Specification"/>
    <property name="java.vm.specification.vendor" value="Oracle Corporation"/>
    <property name="java.awt.graphicsenv" value="sun.awt.Win32GraphicsEnvironment"/>
    <property name="surefire.real.class.path" value="C:\Users\maciu\AppData\Local\Temp\surefire11755054943733737044\surefirebooter5753485607091319820.jar"/>
    <property name="user.script" value=""/>
    <property name="sun.management.compiler" value="HotSpot 64-Bit Tiered Compilers"/>
    <property name="java.runtime.version" value="11.0.13+10-LTS-370"/>
    <property name="user.name" value="maciu"/>
    <property name="path.separator" value=";"/>
    <property name="os.version" value="10.0"/>
    <property name="java.runtime.name" value="Java(TM) SE Runtime Environment"/>
    <property name="file.encoding" value="Cp1252"/>
    <property name="java.vm.name" value="Java HotSpot(TM) 64-Bit Server VM"/>
    <property name="java.vendor.version" value="18.9"/>
    <property name="localRepository" value="C:\Users\maciu\.m2\repository"/>
    <property name="java.vendor.url.bug" value="https://bugreport.java.com/bugreport/"/>
    <property name="java.io.tmpdir" value="C:\Users\maciu\AppData\Local\Temp\"/>
    <property name="java.version" value="11.0.13"/>
    <property name="user.dir" value="C:\Users\maciu\IdeaProjects\SeleniumCucumber"/>
    <property name="os.arch" value="amd64"/>
    <property name="java.vm.specification.name" value="Java Virtual Machine Specification"/>
    <property name="java.awt.printerjob" value="sun.awt.windows.WPrinterJob"/>
    <property name="sun.os.patch.level" value=""/>
    <property name="java.library.path" value="C:\Program Files\Java\jdk-11.0.13\bin;C:\Windows\Sun\Java\bin;C:\Windows\system32;C:\Windows;C:\Program Files\Git\mingw64\bin;C:\Program Files\Git\usr\bin;C:\Users\maciu\bin;C:\Program Files\Common Files\Oracle\Java\javapath;C:\Windows\system32;C:\Windows;C:\Windows\System32\Wbem;C:\Windows\System32\WindowsPowerShell\v1.0;C:\Windows\System32\OpenSSH;C:\Program Files\nodejs;C:\Program Files\Java\jdk-11.0.13\bin;C:\Maven\apache-maven-3.8.4\bin;C:\Program Files\Git\cmd;C:\Users\maciu\AppData\Local\Microsoft\WindowsApps;C:\Users\maciu\AppData\Roaming\npm;C:\Program Files\JetBrains\IntelliJ IDEA 2022.1\bin;C:\Program Files\JetBrains\IntelliJ IDEA Community Edition 2022.1\bin;."/>
    <property name="java.vendor" value="Oracle Corporation"/>
    <property name="java.vm.info" value="mixed mode"/>
    <property name="java.vm.version" value="11.0.13+10-LTS-370"/>
    <property name="sun.io.unicode.encoding" value="UnicodeLittle"/>
    <property name="java.class.version" value="55.0"/>
  </properties>
  <testcase name="check if &lt;100&gt; equal &lt;100&gt;" classname="portocala" time="0.004">
    <system-out><![CDATA[
@Run
Scenario: portocala                &amp#27;[90m# src/test/resources/features/ceva.feature:5&amp#27;[0m
]]></system-out>
  </testcase>
  <testcase name="" classname="portocala" time="0.008">
    <system-out><![CDATA[  &amp#27;[32mGiven &amp#27;[0m&amp#27;[32mcheck if <&amp#27;[0m&amp#27;[32m&amp#27;[1m100&amp#27;[0m&amp#27;[32m> equal <&amp#27;[0m&amp#27;[32m&amp#27;[1m100&amp#27;[0m&amp#27;[32m>&amp#27;[0m &amp#27;[90m# StepDef.StepDef.checkIfEqual(int,int)&amp#27;[0m
]]></system-out>
  </testcase>
  <testcase name="User is on page" classname="Get login 1" time="0.003">
    <system-out><![CDATA[
@Run
Scenario: Get login 1                     &amp#27;[90m# src/test/resources/features/dataTable.feature:4&amp#27;[0m
Test1
]]></system-out>
  </testcase>
  <testcase name="User click" classname="Get login 1" time="0">
    <system-out><![CDATA[  &amp#27;[32mGiven &amp#27;[0m&amp#27;[32mUser is on page&amp#27;[0m                   &amp#27;[90m# StepDef.StepDef.user_is_on_page()&amp#27;[0m
Test2
]]></system-out>
  </testcase>
  <testcase name="User enters the following details:" classname="Get login 1" time="0.003">
    <system-out><![CDATA[  &amp#27;[32mThen &amp#27;[0m&amp#27;[32mUser click&amp#27;[0m                         &amp#27;[90m# StepDef.StepDef.user_click()&amp#27;[0m
Apples
5
2.5
Bananas
3
1.2
Chocolate
2
3.75
]]></system-out>
  </testcase>
  <testcase name="" classname="Get login 1" time="0.008">
    <system-out><![CDATA[  &amp#27;[32mThen &amp#27;[0m&amp#27;[32mUser enters the following details:&amp#27;[0m &amp#27;[90m# StepDef.StepDef.userEntersTheFollowingDetails(io.cucumber.datatable.DataTable)&amp#27;[0m
    | Item      | Quantity | Price |
    | Apples    | 5        | 2.50  |
    | Bananas   | 3        | 1.20  |
    | Chocolate | 2        | 3.75  |
]]></system-out>
  </testcase>
  <testcase name="User is on page" classname="Get login 1 5 7" time="0">
    <system-out><![CDATA[
@Run
Scenario: Get login 1 5 7                     &amp#27;[90m# src/test/resources/features/login.feature:4&amp#27;[0m
Test1
]]></system-out>
  </testcase>
  <testcase name="User click" classname="Get login 1 5 7" time="0">
    <system-out><![CDATA[  &amp#27;[32mGiven &amp#27;[0m&amp#27;[32mUser is on page&amp#27;[0m                       &amp#27;[90m# StepDef.StepDef.user_is_on_page()&amp#27;[0m
Test2
]]></system-out>
  </testcase>
  <testcase name="User click again &quot;Name&quot; and price 1001" classname="Get login 1 5 7" time="0.005">
    <system-out><![CDATA[  &amp#27;[32mThen &amp#27;[0m&amp#27;[32mUser click&amp#27;[0m                             &amp#27;[90m# StepDef.StepDef.user_click()&amp#27;[0m
Name 1001
]]></system-out>
  </testcase>
  <testcase name="User enters &lt;100&gt;" classname="Get login 1 5 7" time="0">
    <system-out><![CDATA[  &amp#27;[32mThen &amp#27;[0m&amp#27;[32mUser click again &amp#27;[0m&amp#27;[32m&amp#27;[1m"Name"&amp#27;[0m&amp#27;[32m and price &amp#27;[0m&amp#27;[32m&amp#27;[1m1001&amp#27;[0m &amp#27;[90m# StepDef.StepDef.userClickAgainAndPrice(java.lang.String,int)&amp#27;[0m
100
]]></system-out>
  </testcase>
  <testcase name="" classname="Get login 1 5 7" time="0">
    <system-out><![CDATA[  &amp#27;[32mThen &amp#27;[0m&amp#27;[32mUser enters <&amp#27;[0m&amp#27;[32m&amp#27;[1m100&amp#27;[0m&amp#27;[32m>&amp#27;[0m                      &amp#27;[90m# StepDef.StepDef.userEnters(int)&amp#27;[0m
]]></system-out>
  </testcase>
  <testcase name="user enters another name" classname="Get login updated" time="0.001">
    <system-out><![CDATA[
@Run
Scenario: Get login updated                &amp#27;[90m# src/test/resources/features/login.feature:10&amp#27;[0m
Another name
]]></system-out>
  </testcase>
  <testcase name="user enters second password &quot;admin&quot;" classname="Get login updated" time="0">
    <system-out><![CDATA[  &amp#27;[32mGiven &amp#27;[0m&amp#27;[32muser enters another name&amp#27;[0m           &amp#27;[90m# StepDef.StepDef.userEntersAnotherName()&amp#27;[0m
admin
]]></system-out>
  </testcase>
  <testcase name="" classname="Get login updated" time="0">
    <system-out><![CDATA[  &amp#27;[32mThen &amp#27;[0m&amp#27;[32muser enters second password &amp#27;[0m&amp#27;[32m&amp#27;[1m"admin"&amp#27;[0m &amp#27;[90m# StepDef.StepDef.userEntersSecondPassword(java.lang.String)&amp#27;[0m
]]></system-out>
  </testcase>
</testsuite>